<?xml version="1.0" encoding="UTF-8"?>
<testsuite xmlns:xsi="http://www.w3.org/2001/XMLSchema-instance"
           xsi:noNamespaceSchemaLocation=""
           name="thkoeln.st.st2praktikum.exercise1.E1BasicTests" time="0.034" tests="4" errors="1" skipped="0"
           failures="3">
    <properties>
[...]
</properties>
    <testcase name="testNoCollectingOnOrigin" classname="thkoeln.st.st2praktikum.exercise1.E1BasicTests" time="0.017">
        <failure
                message="Expected thkoeln.st.st2praktikum.certification.RobotControlException to be thrown, but nothing was thrown."
                type="org.opentest4j.AssertionFailedError">org.opentest4j.AssertionFailedError: Expected
            thkoeln.st.st2praktikum.certification.RobotControlException to be thrown, but nothing was thrown.
            at thkoeln.st.st2praktikum.exercise1.E1BasicTests.testNoCollectingOnOrigin(E1BasicTests.java:42)
        </failure>
        <system-out><![CDATA[2022-04-22 12:41:23.037  INFO 177 --- [           main] .b.t.c.SpringBootTestContextBootstrapper : Neither @ContextConfiguration nor @ContextHierarchy found for test class [thkoeln.st.st2praktikum.exercise1.E1BasicTests], using SpringBootContextLoader
2022-04-22 12:41:23.038  INFO 177 --- [           main] o.s.t.c.support.AbstractContextLoader    : Could not detect default resource locations for test class [thkoeln.st.st2praktikum.exercise1.E1BasicTests]: no resource found for suffixes {-context.xml, Context.groovy}.
2022-04-22 12:41:23.039  INFO 177 --- [           main] t.c.s.AnnotationConfigContextLoaderUtils : Could not detect default configuration classes for test class [thkoeln.st.st2praktikum.exercise1.E1BasicTests]: E1BasicTests does not declare any static, non-private, non-final, nested classes annotated with @Configuration.
2022-04-22 12:41:23.040  INFO 177 --- [           main] .b.t.c.SpringBootTestContextBootstrapper : Found @SpringBootConfiguration thkoeln.st.st2praktikum.ProjectApplication for test class thkoeln.st.st2praktikum.exercise1.E1BasicTests
2022-04-22 12:41:23.049  INFO 177 --- [           main] .b.t.c.SpringBootTestContextBootstrapper : Loaded default TestExecutionListener class names from location [META-INF/spring.factories]: [org.springframework.boot.test.mock.mockito.MockitoTestExecutionListener, org.springframework.boot.test.mock.mockito.ResetMocksTestExecutionListener, org.springframework.boot.test.autoconfigure.restdocs.RestDocsTestExecutionListener, org.springframework.boot.test.autoconfigure.web.client.MockRestServiceServerResetTestExecutionListener, org.springframework.boot.test.autoconfigure.web.servlet.MockMvcPrintOnlyOnFailureTestExecutionListener, org.springframework.boot.test.autoconfigure.web.servlet.WebDriverTestExecutionListener, org.springframework.test.context.web.ServletTestExecutionListener, org.springframework.test.context.support.DirtiesContextBeforeModesTestExecutionListener, org.springframework.test.context.support.DependencyInjectionTestExecutionListener, org.springframework.test.context.support.DirtiesContextTestExecutionListener, org.springframework.test.context.transaction.TransactionalTestExecutionListener, org.springframework.test.context.jdbc.SqlScriptsTestExecutionListener, org.springframework.test.context.event.EventPublishingTestExecutionListener]
2022-04-22 12:41:23.050  INFO 177 --- [           main] .b.t.c.SpringBootTestContextBootstrapper : Using TestExecutionListeners: [org.springframework.test.context.web.ServletTestExecutionListener@61fa3583, org.springframework.test.context.support.DirtiesContextBeforeModesTestExecutionListener@709d2a6c, org.springframework.boot.test.mock.mockito.MockitoTestExecutionListener@3b50f432, org.springframework.boot.test.autoconfigure.SpringBootDependencyInjectionTestExecutionListener@3fe5ad73, org.springframework.test.context.support.DirtiesContextTestExecutionListener@f83d121, org.springframework.test.context.transaction.TransactionalTestExecutionListener@165454f7, org.springframework.test.context.jdbc.SqlScriptsTestExecutionListener@2a19c36b, org.springframework.test.context.event.EventPublishingTestExecutionListener@38856d6e, org.springframework.boot.test.mock.mockito.ResetMocksTestExecutionListener@299ea986, org.springframework.boot.test.autoconfigure.restdocs.RestDocsTestExecutionListener@1dd9a3ae, org.springframework.boot.test.autoconfigure.web.client.MockRestServiceServerResetTestExecutionListener@79bf39e5, org.springframework.boot.test.autoconfigure.web.servlet.MockMvcPrintOnlyOnFailureTestExecutionListener@6ac2c5a1, org.springframework.boot.test.autoconfigure.web.servlet.WebDriverTestExecutionListener@364c93e6]
]]></system-out>
    </testcase>
    <testcase name="testNoDoubleCollect" classname="thkoeln.st.st2praktikum.exercise1.E1BasicTests" time="0">
        <error message="Index: 0" type="java.lang.IndexOutOfBoundsException">java.lang.IndexOutOfBoundsException: Index:
            0
            at thkoeln.st.st2praktikum.exercise1.E1BasicTests.testNoDoubleCollect(E1BasicTests.java:56)
        </error>
    </testcase>
    <testcase name="testJustOneAsteroidFoundAfterReset" classname="thkoeln.st.st2praktikum.exercise1.E1BasicTests"
              time="0.003">
        <failure message="expected: &lt;1&gt; but was: &lt;0&gt;" type="org.opentest4j.AssertionFailedError"><![CDATA[org.opentest4j.AssertionFailedError: expected: <1> but was: <0>
	at thkoeln.st.st2praktikum.exercise1.E1BasicTests.testJustOneAsteroidFoundAfterReset(E1BasicTests.java:35)
]]></failure>
    </testcase>
    <testcase name="testNoDoubleCreate" classname="thkoeln.st.st2praktikum.exercise1.E1BasicTests" time="0.004">
        <failure
                message="Error for double creation expected ==&gt; Expected thkoeln.st.st2praktikum.certification.RobotControlException to be thrown, but nothing was thrown."
                type="org.opentest4j.AssertionFailedError">org.opentest4j.AssertionFailedError: Error for double
            creation
            expected ==> Expected thkoeln.st.st2praktikum.certification.RobotControlException to be thrown, but nothing
            was
            thrown.
            at thkoeln.st.st2praktikum.exercise1.E1BasicTests.testNoDoubleCreate(E1BasicTests.java:48)
        </failure>
    </testcase>
</testsuite>